opt/couchdb[root@local couchdb]# ./deploy-openshift.sh
Error: No such image: couchdb
Sending build context to Docker daemon  26.11kB
Step 1/19 : FROM debian:jessie
jessie: Pulling from library/debian
1c7fe136a31e: Pull complete
Digest: sha256:d68fe870fe9c7d71d98cf575c42e7c4c3e024c42581eaa116041aa6092430662
Status: Downloaded newer image for debian:jessie
 ---> c6bf9e66e642
Step 2/19 : MAINTAINER CouchDB Developers dev@couchdb.apache.org
 ---> Running in 81e6f733477b
Removing intermediate container 81e6f733477b
 ---> ad997e1a5e19
Step 3/19 : RUN groupadd -g 5984 -r couchdb && useradd -u 5984 -d /opt/couchdb -g couchdb couchdb
 ---> Running in a543b9c88927
Removing intermediate container a543b9c88927
 ---> e5b0c2ef0ee0
Step 4/19 : RUN apt-get update -y && apt-get install -y --no-install-recommends     ca-certificates     curl     erlang-nox     libicu52     libmozjs185-1.0     libnspr4     libnspr4-0d   && rm -rf /var/lib/apt/lists/*
 ---> Running in 95cacb286683
Get:1 http://security.debian.org jessie/updates InRelease [44.9 kB]
Ign http://deb.debian.org jessie InRelease
Get:2 http://deb.debian.org jessie-updates InRelease [145 kB]
Get:3 http://deb.debian.org jessie Release.gpg [2420 B]
Get:4 http://deb.debian.org jessie Release [148 kB]
Get:5 http://security.debian.org jessie/updates/main amd64 Packages [601 kB]
Get:6 http://deb.debian.org jessie-updates/main amd64 Packages [23.0 kB]
Get:7 http://deb.debian.org jessie/main amd64 Packages [9098 kB]
Fetched 10.1 MB in 8s (1201 kB/s)
Reading package lists...
Reading package lists...
Building dependency tree...
Reading state information...
The following extra packages will be installed:
  erlang-asn1 erlang-base erlang-corba erlang-crypto erlang-diameter
  erlang-edoc erlang-eldap erlang-erl-docgen erlang-eunit erlang-ic
  erlang-inets erlang-mnesia erlang-odbc erlang-os-mon erlang-parsetools
  erlang-percept erlang-public-key erlang-runtime-tools erlang-snmp erlang-ssh
  erlang-ssl erlang-syntax-tools erlang-tools erlang-webtool erlang-xmerl
  init-system-helpers libcurl3 libgssapi-krb5-2 libidn11 libk5crypto3
  libkeyutils1 libkrb5-3 libkrb5support0 libldap-2.4-2 libltdl7 libodbc1
  librtmp1 libsasl2-2 libsasl2-modules-db libssh2-1 libssl1.0.0 openssl
Suggested packages:
  erlang erlang-manpages erlang-doc xsltproc fop erlang-ic-java
  erlang-observer krb5-doc krb5-user libmyodbc odbc-postgresql tdsodbc
  unixodbc-bin
Recommended packages:
  libsctp1 krb5-locales libsasl2-modules
The following NEW packages will be installed:
  ca-certificates curl erlang-asn1 erlang-base erlang-corba erlang-crypto
  erlang-diameter erlang-edoc erlang-eldap erlang-erl-docgen erlang-eunit
  erlang-ic erlang-inets erlang-mnesia erlang-nox erlang-odbc erlang-os-mon
  erlang-parsetools erlang-percept erlang-public-key erlang-runtime-tools
  erlang-snmp erlang-ssh erlang-ssl erlang-syntax-tools erlang-tools
  erlang-webtool erlang-xmerl init-system-helpers libcurl3 libgssapi-krb5-2
  libicu52 libidn11 libk5crypto3 libkeyutils1 libkrb5-3 libkrb5support0
  libldap-2.4-2 libltdl7 libmozjs185-1.0 libnspr4 libnspr4-0d libodbc1
  librtmp1 libsasl2-2 libsasl2-modules-db libssh2-1 libssl1.0.0 openssl
0 upgraded, 49 newly installed, 0 to remove and 1 not upgraded.
Need to get 31.6 MB of archives.
After this operation, 75.4 MB of additional disk space will be used.
Get:1 http://security.debian.org/debian-security/ jessie/updates/main ca-certificates all 20141019+deb8u4 [185 kB]
Get:2 http://deb.debian.org/debian/ jessie/main libssl1.0.0 amd64 1.0.1t-1+deb8u8 [1044 kB]
Get:3 http://deb.debian.org/debian/ jessie/main libkeyutils1 amd64 1.5.9-5+b1 [12.0 kB]
Get:4 http://deb.debian.org/debian/ jessie/main libkrb5support0 amd64 1.12.1+dfsg-19+deb8u4 [59.4 kB]
Get:5 http://deb.debian.org/debian/ jessie/main libk5crypto3 amd64 1.12.1+dfsg-19+deb8u4 [116 kB]
Get:6 http://deb.debian.org/debian/ jessie/main libkrb5-3 amd64 1.12.1+dfsg-19+deb8u4 [303 kB]
Get:7 http://deb.debian.org/debian/ jessie/main libgssapi-krb5-2 amd64 1.12.1+dfsg-19+deb8u4 [152 kB]
Get:8 http://deb.debian.org/debian/ jessie/main libidn11 amd64 1.29-1+deb8u2 [136 kB]
Get:9 http://deb.debian.org/debian/ jessie/main libsasl2-modules-db amd64 2.1.26.dfsg1-13+deb8u1 [67.1 kB]
Get:10 http://deb.debian.org/debian/ jessie/main libsasl2-2 amd64 2.1.26.dfsg1-13+deb8u1 [105 kB]
Get:11 http://deb.debian.org/debian/ jessie/main libldap-2.4-2 amd64 2.4.40+dfsg-1+deb8u4 [218 kB]
Get:12 http://deb.debian.org/debian/ jessie/main librtmp1 amd64 2.4+20150115.gita107cef-1+deb8u1 [60.0 kB]
Get:13 http://deb.debian.org/debian/ jessie/main libssh2-1 amd64 1.4.3-4.1+deb8u1 [125 kB]
Get:14 http://deb.debian.org/debian/ jessie/main libcurl3 amd64 7.38.0-4+deb8u11 [260 kB]
Get:15 http://deb.debian.org/debian/ jessie/main libicu52 amd64 52.1-8+deb8u7 [6807 kB]
Get:16 http://deb.debian.org/debian/ jessie/main libltdl7 amd64 2.4.2-1.11+b1 [45.4 kB]
Get:17 http://deb.debian.org/debian/ jessie/main libnspr4 amd64 2:4.12-1+debu8u1 [117 kB]
Get:18 http://deb.debian.org/debian/ jessie/main libodbc1 amd64 2.3.1-3 [206 kB]
Get:19 http://deb.debian.org/debian/ jessie/main init-system-helpers all 1.22 [14.0 kB]
Get:20 http://deb.debian.org/debian/ jessie/main openssl amd64 1.0.1t-1+deb8u8 [664 kB]
Get:21 http://deb.debian.org/debian/ jessie/main curl amd64 7.38.0-4+deb8u11 [201 kB]
Get:22 http://deb.debian.org/debian/ jessie/main erlang-base amd64 1:17.3-dfsg-4+deb8u2 [6813 kB]
Get:23 http://deb.debian.org/debian/ jessie/main erlang-asn1 amd64 1:17.3-dfsg-4+deb8u2 [786 kB]
Get:24 http://deb.debian.org/debian/ jessie/main erlang-mnesia amd64 1:17.3-dfsg-4+deb8u2 [690 kB]
Get:25 http://deb.debian.org/debian/ jessie/main erlang-runtime-tools amd64 1:17.3-dfsg-4+deb8u2 [195 kB]
Get:26 http://deb.debian.org/debian/ jessie/main erlang-crypto amd64 1:17.3-dfsg-4+deb8u2 [135 kB]
Get:27 http://deb.debian.org/debian/ jessie/main erlang-public-key amd64 1:17.3-dfsg-4+deb8u2 [541 kB]
Get:28 http://deb.debian.org/debian/ jessie/main erlang-ssl amd64 1:17.3-dfsg-4+deb8u2 [612 kB]
Get:29 http://deb.debian.org/debian/ jessie/main erlang-inets amd64 1:17.3-dfsg-4+deb8u2 [771 kB]
Get:30 http://deb.debian.org/debian/ jessie/main erlang-corba amd64 1:17.3-dfsg-4+deb8u2 [2258 kB]
Get:31 http://deb.debian.org/debian/ jessie/main erlang-syntax-tools amd64 1:17.3-dfsg-4+deb8u2 [324 kB]
Get:32 http://deb.debian.org/debian/ jessie/main erlang-diameter amd64 1:17.3-dfsg-4+deb8u2 [646 kB]
Get:33 http://deb.debian.org/debian/ jessie/main erlang-xmerl amd64 1:17.3-dfsg-4+deb8u2 [996 kB]
Get:34 http://deb.debian.org/debian/ jessie/main erlang-edoc amd64 1:17.3-dfsg-4+deb8u2 [335 kB]
Get:35 http://deb.debian.org/debian/ jessie/main erlang-eldap amd64 1:17.3-dfsg-4+deb8u2 [123 kB]
Get:36 http://deb.debian.org/debian/ jessie/main erlang-erl-docgen amd64 1:17.3-dfsg-4+deb8u2 [165 kB]
Get:37 http://deb.debian.org/debian/ jessie/main erlang-eunit amd64 1:17.3-dfsg-4+deb8u2 [166 kB]
Get:38 http://deb.debian.org/debian/ jessie/main erlang-ic amd64 1:17.3-dfsg-4+deb8u2 [847 kB]
Get:39 http://deb.debian.org/debian/ jessie/main erlang-odbc amd64 1:17.3-dfsg-4+deb8u2 [79.3 kB]
Get:40 http://deb.debian.org/debian/ jessie/main erlang-snmp amd64 1:17.3-dfsg-4+deb8u2 [1557 kB]
Get:41 http://deb.debian.org/debian/ jessie/main erlang-os-mon amd64 1:17.3-dfsg-4+deb8u2 [124 kB]
Get:42 http://deb.debian.org/debian/ jessie/main erlang-parsetools amd64 1:17.3-dfsg-4+deb8u2 [185 kB]
Get:43 http://deb.debian.org/debian/ jessie/main erlang-percept amd64 1:17.3-dfsg-4+deb8u2 [165 kB]
Get:44 http://deb.debian.org/debian/ jessie/main erlang-ssh amd64 1:17.3-dfsg-4+deb8u2 [392 kB]
Get:45 http://deb.debian.org/debian/ jessie/main erlang-webtool amd64 1:17.3-dfsg-4+deb8u2 [68.4 kB]
Get:46 http://deb.debian.org/debian/ jessie/main erlang-tools amd64 1:17.3-dfsg-4+deb8u2 [535 kB]
Get:47 http://deb.debian.org/debian/ jessie/main erlang-nox all 1:17.3-dfsg-4+deb8u2 [38.0 kB]
Get:48 http://deb.debian.org/debian/ jessie/main libnspr4-0d amd64 2:4.12-1+debu8u1 [11.1 kB]
Get:49 http://deb.debian.org/debian/ jessie/main libmozjs185-1.0 amd64 1.8.5-1.0.0+dfsg-4.3 [1125 kB]
debconf: delaying package configuration, since apt-utils is not installed
Fetched 31.6 MB in 26s (1209 kB/s)
Selecting previously unselected package libssl1.0.0:amd64.
(Reading database ... 7624 files and directories currently installed.)
Preparing to unpack .../libssl1.0.0_1.0.1t-1+deb8u8_amd64.deb ...
Unpacking libssl1.0.0:amd64 (1.0.1t-1+deb8u8) ...
Selecting previously unselected package libkeyutils1:amd64.
Preparing to unpack .../libkeyutils1_1.5.9-5+b1_amd64.deb ...
Unpacking libkeyutils1:amd64 (1.5.9-5+b1) ...
Selecting previously unselected package libkrb5support0:amd64.
Preparing to unpack .../libkrb5support0_1.12.1+dfsg-19+deb8u4_amd64.deb ...
Unpacking libkrb5support0:amd64 (1.12.1+dfsg-19+deb8u4) ...
Selecting previously unselected package libk5crypto3:amd64.
Preparing to unpack .../libk5crypto3_1.12.1+dfsg-19+deb8u4_amd64.deb ...
Unpacking libk5crypto3:amd64 (1.12.1+dfsg-19+deb8u4) ...
Selecting previously unselected package libkrb5-3:amd64.
Preparing to unpack .../libkrb5-3_1.12.1+dfsg-19+deb8u4_amd64.deb ...
Unpacking libkrb5-3:amd64 (1.12.1+dfsg-19+deb8u4) ...
Selecting previously unselected package libgssapi-krb5-2:amd64.
Preparing to unpack .../libgssapi-krb5-2_1.12.1+dfsg-19+deb8u4_amd64.deb ...
Unpacking libgssapi-krb5-2:amd64 (1.12.1+dfsg-19+deb8u4) ...
Selecting previously unselected package libidn11:amd64.
Preparing to unpack .../libidn11_1.29-1+deb8u2_amd64.deb ...
Unpacking libidn11:amd64 (1.29-1+deb8u2) ...
Selecting previously unselected package libsasl2-modules-db:amd64.
Preparing to unpack .../libsasl2-modules-db_2.1.26.dfsg1-13+deb8u1_amd64.deb ...
Unpacking libsasl2-modules-db:amd64 (2.1.26.dfsg1-13+deb8u1) ...
Selecting previously unselected package libsasl2-2:amd64.
Preparing to unpack .../libsasl2-2_2.1.26.dfsg1-13+deb8u1_amd64.deb ...
Unpacking libsasl2-2:amd64 (2.1.26.dfsg1-13+deb8u1) ...
Selecting previously unselected package libldap-2.4-2:amd64.
Preparing to unpack .../libldap-2.4-2_2.4.40+dfsg-1+deb8u4_amd64.deb ...
Unpacking libldap-2.4-2:amd64 (2.4.40+dfsg-1+deb8u4) ...
Selecting previously unselected package librtmp1:amd64.
Preparing to unpack .../librtmp1_2.4+20150115.gita107cef-1+deb8u1_amd64.deb ...
Unpacking librtmp1:amd64 (2.4+20150115.gita107cef-1+deb8u1) ...
Selecting previously unselected package libssh2-1:amd64.
Preparing to unpack .../libssh2-1_1.4.3-4.1+deb8u1_amd64.deb ...
Unpacking libssh2-1:amd64 (1.4.3-4.1+deb8u1) ...
Selecting previously unselected package libcurl3:amd64.
Preparing to unpack .../libcurl3_7.38.0-4+deb8u11_amd64.deb ...
Unpacking libcurl3:amd64 (7.38.0-4+deb8u11) ...
Selecting previously unselected package libicu52:amd64.
Preparing to unpack .../libicu52_52.1-8+deb8u7_amd64.deb ...
Unpacking libicu52:amd64 (52.1-8+deb8u7) ...
Selecting previously unselected package libltdl7:amd64.
Preparing to unpack .../libltdl7_2.4.2-1.11+b1_amd64.deb ...
Unpacking libltdl7:amd64 (2.4.2-1.11+b1) ...
Selecting previously unselected package libnspr4:amd64.
Preparing to unpack .../libnspr4_2%3a4.12-1+debu8u1_amd64.deb ...
Unpacking libnspr4:amd64 (2:4.12-1+debu8u1) ...
Selecting previously unselected package libodbc1:amd64.
Preparing to unpack .../libodbc1_2.3.1-3_amd64.deb ...
Unpacking libodbc1:amd64 (2.3.1-3) ...
Selecting previously unselected package init-system-helpers.
Preparing to unpack .../init-system-helpers_1.22_all.deb ...
Unpacking init-system-helpers (1.22) ...
Selecting previously unselected package openssl.
Preparing to unpack .../openssl_1.0.1t-1+deb8u8_amd64.deb ...
Unpacking openssl (1.0.1t-1+deb8u8) ...
Selecting previously unselected package ca-certificates.
Preparing to unpack .../ca-certificates_20141019+deb8u4_all.deb ...
Unpacking ca-certificates (20141019+deb8u4) ...
Selecting previously unselected package curl.
Preparing to unpack .../curl_7.38.0-4+deb8u11_amd64.deb ...
Unpacking curl (7.38.0-4+deb8u11) ...
Selecting previously unselected package erlang-base.
Preparing to unpack .../erlang-base_1%3a17.3-dfsg-4+deb8u2_amd64.deb ...
Unpacking erlang-base (1:17.3-dfsg-4+deb8u2) ...
Selecting previously unselected package erlang-asn1.
Preparing to unpack .../erlang-asn1_1%3a17.3-dfsg-4+deb8u2_amd64.deb ...
Unpacking erlang-asn1 (1:17.3-dfsg-4+deb8u2) ...
Selecting previously unselected package erlang-mnesia.
Preparing to unpack .../erlang-mnesia_1%3a17.3-dfsg-4+deb8u2_amd64.deb ...
Unpacking erlang-mnesia (1:17.3-dfsg-4+deb8u2) ...
Selecting previously unselected package erlang-runtime-tools.
Preparing to unpack .../erlang-runtime-tools_1%3a17.3-dfsg-4+deb8u2_amd64.deb ...
Unpacking erlang-runtime-tools (1:17.3-dfsg-4+deb8u2) ...
Selecting previously unselected package erlang-crypto.
Preparing to unpack .../erlang-crypto_1%3a17.3-dfsg-4+deb8u2_amd64.deb ...
Unpacking erlang-crypto (1:17.3-dfsg-4+deb8u2) ...
Selecting previously unselected package erlang-public-key.
Preparing to unpack .../erlang-public-key_1%3a17.3-dfsg-4+deb8u2_amd64.deb ...
Unpacking erlang-public-key (1:17.3-dfsg-4+deb8u2) ...
Selecting previously unselected package erlang-ssl.
Preparing to unpack .../erlang-ssl_1%3a17.3-dfsg-4+deb8u2_amd64.deb ...
Unpacking erlang-ssl (1:17.3-dfsg-4+deb8u2) ...
Selecting previously unselected package erlang-inets.
Preparing to unpack .../erlang-inets_1%3a17.3-dfsg-4+deb8u2_amd64.deb ...
Unpacking erlang-inets (1:17.3-dfsg-4+deb8u2) ...
Selecting previously unselected package erlang-corba.
Preparing to unpack .../erlang-corba_1%3a17.3-dfsg-4+deb8u2_amd64.deb ...
Unpacking erlang-corba (1:17.3-dfsg-4+deb8u2) ...
Selecting previously unselected package erlang-syntax-tools.
Preparing to unpack .../erlang-syntax-tools_1%3a17.3-dfsg-4+deb8u2_amd64.deb ...
Unpacking erlang-syntax-tools (1:17.3-dfsg-4+deb8u2) ...
Selecting previously unselected package erlang-diameter.
Preparing to unpack .../erlang-diameter_1%3a17.3-dfsg-4+deb8u2_amd64.deb ...
Unpacking erlang-diameter (1:17.3-dfsg-4+deb8u2) ...
Selecting previously unselected package erlang-xmerl.
Preparing to unpack .../erlang-xmerl_1%3a17.3-dfsg-4+deb8u2_amd64.deb ...
Unpacking erlang-xmerl (1:17.3-dfsg-4+deb8u2) ...
Selecting previously unselected package erlang-edoc.
Preparing to unpack .../erlang-edoc_1%3a17.3-dfsg-4+deb8u2_amd64.deb ...
Unpacking erlang-edoc (1:17.3-dfsg-4+deb8u2) ...
Selecting previously unselected package erlang-eldap.
Preparing to unpack .../erlang-eldap_1%3a17.3-dfsg-4+deb8u2_amd64.deb ...
Unpacking erlang-eldap (1:17.3-dfsg-4+deb8u2) ...
Selecting previously unselected package erlang-erl-docgen.
Preparing to unpack .../erlang-erl-docgen_1%3a17.3-dfsg-4+deb8u2_amd64.deb ...
Unpacking erlang-erl-docgen (1:17.3-dfsg-4+deb8u2) ...
Selecting previously unselected package erlang-eunit.
Preparing to unpack .../erlang-eunit_1%3a17.3-dfsg-4+deb8u2_amd64.deb ...
Unpacking erlang-eunit (1:17.3-dfsg-4+deb8u2) ...
Selecting previously unselected package erlang-ic.
Preparing to unpack .../erlang-ic_1%3a17.3-dfsg-4+deb8u2_amd64.deb ...
Unpacking erlang-ic (1:17.3-dfsg-4+deb8u2) ...
Selecting previously unselected package erlang-odbc.
Preparing to unpack .../erlang-odbc_1%3a17.3-dfsg-4+deb8u2_amd64.deb ...
Unpacking erlang-odbc (1:17.3-dfsg-4+deb8u2) ...
Selecting previously unselected package erlang-snmp.
Preparing to unpack .../erlang-snmp_1%3a17.3-dfsg-4+deb8u2_amd64.deb ...
Unpacking erlang-snmp (1:17.3-dfsg-4+deb8u2) ...
Selecting previously unselected package erlang-os-mon.
Preparing to unpack .../erlang-os-mon_1%3a17.3-dfsg-4+deb8u2_amd64.deb ...
Unpacking erlang-os-mon (1:17.3-dfsg-4+deb8u2) ...
Selecting previously unselected package erlang-parsetools.
Preparing to unpack .../erlang-parsetools_1%3a17.3-dfsg-4+deb8u2_amd64.deb ...
Unpacking erlang-parsetools (1:17.3-dfsg-4+deb8u2) ...
Selecting previously unselected package erlang-percept.
Preparing to unpack .../erlang-percept_1%3a17.3-dfsg-4+deb8u2_amd64.deb ...
Unpacking erlang-percept (1:17.3-dfsg-4+deb8u2) ...
Selecting previously unselected package erlang-ssh.
Preparing to unpack .../erlang-ssh_1%3a17.3-dfsg-4+deb8u2_amd64.deb ...
Unpacking erlang-ssh (1:17.3-dfsg-4+deb8u2) ...
Selecting previously unselected package erlang-webtool.
Preparing to unpack .../erlang-webtool_1%3a17.3-dfsg-4+deb8u2_amd64.deb ...
Unpacking erlang-webtool (1:17.3-dfsg-4+deb8u2) ...
Selecting previously unselected package erlang-tools.
Preparing to unpack .../erlang-tools_1%3a17.3-dfsg-4+deb8u2_amd64.deb ...
Unpacking erlang-tools (1:17.3-dfsg-4+deb8u2) ...
Selecting previously unselected package erlang-nox.
Preparing to unpack .../erlang-nox_1%3a17.3-dfsg-4+deb8u2_all.deb ...
Unpacking erlang-nox (1:17.3-dfsg-4+deb8u2) ...
Selecting previously unselected package libnspr4-0d:amd64.
Preparing to unpack .../libnspr4-0d_2%3a4.12-1+debu8u1_amd64.deb ...
Unpacking libnspr4-0d:amd64 (2:4.12-1+debu8u1) ...
Selecting previously unselected package libmozjs185-1.0.
Preparing to unpack .../libmozjs185-1.0_1.8.5-1.0.0+dfsg-4.3_amd64.deb ...
Unpacking libmozjs185-1.0 (1.8.5-1.0.0+dfsg-4.3) ...
Setting up libssl1.0.0:amd64 (1.0.1t-1+deb8u8) ...
debconf: unable to initialize frontend: Dialog
debconf: (TERM is not set, so the dialog frontend is not usable.)
debconf: falling back to frontend: Readline
debconf: unable to initialize frontend: Readline
debconf: (Can't locate Term/ReadLine.pm in @INC (you may need to install the Term::ReadLine module) (@INC contains: /etc/perl /usr/local/lib/x86_64-linux-gnu/perl/5.20.2 /usr/local/share/perl/5.20.2 /usr/lib/x86_64-linux-gnu/perl5/5.20 /usr/share/perl5 /usr/lib/x86_64-linux-gnu/perl/5.20 /usr/share/perl/5.20 /usr/local/lib/site_perl .) at /usr/share/perl5/Debconf/FrontEnd/Readline.pm line 7.)
debconf: falling back to frontend: Teletype
Setting up libkeyutils1:amd64 (1.5.9-5+b1) ...
Setting up libkrb5support0:amd64 (1.12.1+dfsg-19+deb8u4) ...
Setting up libk5crypto3:amd64 (1.12.1+dfsg-19+deb8u4) ...
Setting up libkrb5-3:amd64 (1.12.1+dfsg-19+deb8u4) ...
Setting up libgssapi-krb5-2:amd64 (1.12.1+dfsg-19+deb8u4) ...
Setting up libidn11:amd64 (1.29-1+deb8u2) ...
Setting up libsasl2-modules-db:amd64 (2.1.26.dfsg1-13+deb8u1) ...
Setting up libsasl2-2:amd64 (2.1.26.dfsg1-13+deb8u1) ...
Setting up libldap-2.4-2:amd64 (2.4.40+dfsg-1+deb8u4) ...
Setting up librtmp1:amd64 (2.4+20150115.gita107cef-1+deb8u1) ...
Setting up libssh2-1:amd64 (1.4.3-4.1+deb8u1) ...
Setting up libcurl3:amd64 (7.38.0-4+deb8u11) ...
Setting up libicu52:amd64 (52.1-8+deb8u7) ...
Setting up libltdl7:amd64 (2.4.2-1.11+b1) ...
Setting up libnspr4:amd64 (2:4.12-1+debu8u1) ...
Setting up libodbc1:amd64 (2.3.1-3) ...
Setting up init-system-helpers (1.22) ...
Setting up openssl (1.0.1t-1+deb8u8) ...
Setting up ca-certificates (20141019+deb8u4) ...
debconf: unable to initialize frontend: Dialog
debconf: (TERM is not set, so the dialog frontend is not usable.)
debconf: falling back to frontend: Readline
debconf: unable to initialize frontend: Readline
debconf: (Can't locate Term/ReadLine.pm in @INC (you may need to install the Term::ReadLine module) (@INC contains: /etc/perl /usr/local/lib/x86_64-linux-gnu/perl/5.20.2 /usr/local/share/perl/5.20.2 /usr/lib/x86_64-linux-gnu/perl5/5.20 /usr/share/perl5 /usr/lib/x86_64-linux-gnu/perl/5.20 /usr/share/perl/5.20 /usr/local/lib/site_perl .) at /usr/share/perl5/Debconf/FrontEnd/Readline.pm line 7.)
debconf: falling back to frontend: Teletype
Updating certificates in /etc/ssl/certs... 152 added, 0 removed; done.
Setting up curl (7.38.0-4+deb8u11) ...
Setting up erlang-base (1:17.3-dfsg-4+deb8u2) ...
Searching for services which depend on erlang and should be started...none found.
Setting up erlang-asn1 (1:17.3-dfsg-4+deb8u2) ...
Setting up erlang-mnesia (1:17.3-dfsg-4+deb8u2) ...
Setting up erlang-runtime-tools (1:17.3-dfsg-4+deb8u2) ...
Setting up erlang-crypto (1:17.3-dfsg-4+deb8u2) ...
Setting up erlang-public-key (1:17.3-dfsg-4+deb8u2) ...
Setting up erlang-ssl (1:17.3-dfsg-4+deb8u2) ...
Setting up erlang-inets (1:17.3-dfsg-4+deb8u2) ...
Setting up erlang-corba (1:17.3-dfsg-4+deb8u2) ...
Setting up erlang-syntax-tools (1:17.3-dfsg-4+deb8u2) ...
Setting up erlang-diameter (1:17.3-dfsg-4+deb8u2) ...
Setting up erlang-xmerl (1:17.3-dfsg-4+deb8u2) ...
Setting up erlang-edoc (1:17.3-dfsg-4+deb8u2) ...
Setting up erlang-eldap (1:17.3-dfsg-4+deb8u2) ...
Setting up erlang-erl-docgen (1:17.3-dfsg-4+deb8u2) ...
Setting up erlang-eunit (1:17.3-dfsg-4+deb8u2) ...
Setting up erlang-ic (1:17.3-dfsg-4+deb8u2) ...
Setting up erlang-odbc (1:17.3-dfsg-4+deb8u2) ...
Setting up erlang-snmp (1:17.3-dfsg-4+deb8u2) ...
Setting up erlang-os-mon (1:17.3-dfsg-4+deb8u2) ...
Setting up erlang-parsetools (1:17.3-dfsg-4+deb8u2) ...
Setting up erlang-percept (1:17.3-dfsg-4+deb8u2) ...
Setting up erlang-ssh (1:17.3-dfsg-4+deb8u2) ...
Setting up erlang-webtool (1:17.3-dfsg-4+deb8u2) ...
Setting up erlang-tools (1:17.3-dfsg-4+deb8u2) ...
Setting up erlang-nox (1:17.3-dfsg-4+deb8u2) ...
Setting up libnspr4-0d:amd64 (2:4.12-1+debu8u1) ...
Setting up libmozjs185-1.0 (1.8.5-1.0.0+dfsg-4.3) ...
Processing triggers for libc-bin (2.19-18+deb8u10) ...
Processing triggers for ca-certificates (20141019+deb8u4) ...
Updating certificates in /etc/ssl/certs... 0 added, 0 removed; done.
Running hooks in /etc/ca-certificates/update.d....done.
Removing intermediate container 95cacb286683
 ---> b5b5f943e369
Step 5/19 : ENV GOSU_VERSION 1.10
 ---> Running in f8585ae39427
Removing intermediate container f8585ae39427
 ---> 34cc96957f32
Step 6/19 : ENV TINI_VERSION 0.16.1
 ---> Running in d2657557b90f
Removing intermediate container d2657557b90f
 ---> d478db9d9586
Step 7/19 : RUN set -ex;         apt-get update;     apt-get install -y --no-install-recommends wget;     rm -rf /var/lib/apt/lists/*;         dpkgArch="$(dpkg --print-architecture | awk -F- '{ print $NF }')";         wget -O /usr/local/bin/gosu "https://github.com/tianon/gosu/releases/download/${GOSU_VERSION}/gosu-$dpkgArch";     wget -O /usr/local/bin/gosu.asc "https://github.com/tianon/gosu/releases/download/$GOSU_VERSION/gosu-$dpkgArch.asc";     export GNUPGHOME="$(mktemp -d)";     gpg --keyserver ha.pool.sks-keyservers.net --recv-keys B42F6819007F00F88E364FD4036A9C25BF357DD4;     gpg --batch --verify /usr/local/bin/gosu.asc /usr/local/bin/gosu;     rm -r "$GNUPGHOME" /usr/local/bin/gosu.asc;     chmod +x /usr/local/bin/gosu;     gosu nobody true;         wget -O /usr/local/bin/tini "https://github.com/krallin/tini/releases/download/v${TINI_VERSION}/tini-$dpkgArch";     wget -O /usr/local/bin/tini.asc "https://github.com/krallin/tini/releases/download/v${TINI_VERSION}/tini-$dpkgArch.asc";     export GNUPGHOME="$(mktemp -d)";     gpg --keyserver ha.pool.sks-keyservers.net --recv-keys 595E85A6B1B4779EA4DAAEC70B588DFF0527A9B7;     gpg --batch --verify /usr/local/bin/tini.asc /usr/local/bin/tini;     rm -r "$GNUPGHOME" /usr/local/bin/tini.asc;     chmod +x /usr/local/bin/tini;     tini --version;         apt-get purge -y --auto-remove wget
 ---> Running in c51e8b7dacc6
+ apt-get update
Get:1 http://security.debian.org jessie/updates InRelease [44.9 kB]
Ign http://deb.debian.org jessie InRelease
Get:2 http://deb.debian.org jessie-updates InRelease [145 kB]
Get:3 http://deb.debian.org jessie Release.gpg [2420 B]
Get:4 http://security.debian.org jessie/updates/main amd64 Packages [601 kB]
Get:5 http://deb.debian.org jessie-updates/main amd64 Packages [23.0 kB]
Get:6 http://deb.debian.org jessie Release [148 kB]
Get:7 http://deb.debian.org jessie/main amd64 Packages [9098 kB]
Fetched 10.1 MB in 8s (1201 kB/s)
Reading package lists...
+ apt-get install -y --no-install-recommends wget
Reading package lists...
Building dependency tree...
Reading state information...
The following extra packages will be installed:
  libpsl0
The following NEW packages will be installed:
  libpsl0 wget
0 upgraded, 2 newly installed, 0 to remove and 1 not upgraded.
Need to get 537 kB of archives.
After this operation, 2293 kB of additional disk space will be used.
Get:1 http://deb.debian.org/debian/ jessie/main libpsl0 amd64 0.5.1-1 [41.6 kB]
Get:2 http://deb.debian.org/debian/ jessie/main wget amd64 1.16-1+deb8u5 [496 kB]
debconf: delaying package configuration, since apt-utils is not installed
Fetched 537 kB in 1s (504 kB/s)
Selecting previously unselected package libpsl0:amd64.
(Reading database ... 9906 files and directories currently installed.)
Preparing to unpack .../libpsl0_0.5.1-1_amd64.deb ...
Unpacking libpsl0:amd64 (0.5.1-1) ...
Selecting previously unselected package wget.
Preparing to unpack .../wget_1.16-1+deb8u5_amd64.deb ...
Unpacking wget (1.16-1+deb8u5) ...
Setting up libpsl0:amd64 (0.5.1-1) ...
Setting up wget (1.16-1+deb8u5) ...
Processing triggers for libc-bin (2.19-18+deb8u10) ...
+ rm -rf /var/lib/apt/lists/deb.debian.org_debian_dists_jessie-updates_InRelease /var/lib/apt/lists/deb.debian.org_debian_dists_jessie-updates_main_binary-amd64_Packages.gz /var/lib/apt/lists/deb.debian.org_debian_dists_jessie_Release /var/lib/apt/lists/deb.debian.org_debian_dists_jessie_Release.gpg /var/lib/apt/lists/deb.debian.org_debian_dists_jessie_main_binary-amd64_Packages.gz /var/lib/apt/lists/lock /var/lib/apt/lists/partial /var/lib/apt/lists/security.debian.org_debian-security_dists_jessie_updates_InRelease /var/lib/apt/lists/security.debian.org_debian-security_dists_jessie_updates_main_binary-amd64_Packages.gz
+ dpkg --print-architecture
+ awk -F- { print $NF }
+ dpkgArch=amd64
+ wget -O /usr/local/bin/gosu https://github.com/tianon/gosu/releases/download/1.10/gosu-amd64
converted 'https://github.com/tianon/gosu/releases/download/1.10/gosu-amd64' (ANSI_X3.4-1968) -> 'https://github.com/tianon/gosu/releases/download/1.10/gosu-amd64' (UTF-8)
--2018-07-16 13:41:50--  https://github.com/tianon/gosu/releases/download/1.10/gosu-amd64
Resolving github.com (github.com)... 192.30.253.112, 192.30.253.113
Connecting to github.com (github.com)|192.30.253.112|:443... connected.
HTTP request sent, awaiting response... 302 Found
Location: https://github-production-release-asset-2e65be.s3.amazonaws.com/19708981/0afb9a88-8591-11e6-9802-291a1e7e3b2b?X-Amz-Algorithm=AWS4-HMAC-SHA256&X-Amz-Credential=AKIAIWNJYAX4CSVEH53A%2F20180716%2Fus-east-1%2Fs3%2Faws4_request&X-Amz-Date=20180716T134152Z&X-Amz-Expires=300&X-Amz-Signature=46d371f7082e97c0839b3f8ae92bc75d1d04ceceeb7d5c947bc652cf0d1dfc6f&X-Amz-SignedHeaders=host&actor_id=0&response-content-disposition=attachment%3B%20filename%3Dgosu-amd64&response-content-type=application%2Foctet-stream [following]
converted 'https://github-production-release-asset-2e65be.s3.amazonaws.com/19708981/0afb9a88-8591-11e6-9802-291a1e7e3b2b?X-Amz-Algorithm=AWS4-HMAC-SHA256&X-Amz-Credential=AKIAIWNJYAX4CSVEH53A%2F20180716%2Fus-east-1%2Fs3%2Faws4_request&X-Amz-Date=20180716T134152Z&X-Amz-Expires=300&X-Amz-Signature=46d371f7082e97c0839b3f8ae92bc75d1d04ceceeb7d5c947bc652cf0d1dfc6f&X-Amz-SignedHeaders=host&actor_id=0&response-content-disposition=attachment%3B%20filename%3Dgosu-amd64&response-content-type=application%2Foctet-stream' (ANSI_X3.4-1968) -> 'https://github-production-release-asset-2e65be.s3.amazonaws.com/19708981/0afb9a88-8591-11e6-9802-291a1e7e3b2b?X-Amz-Algorithm=AWS4-HMAC-SHA256&X-Amz-Credential=AKIAIWNJYAX4CSVEH53A/20180716/us-east-1/s3/aws4_request&X-Amz-Date=20180716T134152Z&X-Amz-Expires=300&X-Amz-Signature=46d371f7082e97c0839b3f8ae92bc75d1d04ceceeb7d5c947bc652cf0d1dfc6f&X-Amz-SignedHeaders=host&actor_id=0&response-content-disposition=attachment; filename=gosu-amd64&response-content-type=application/octet-stream' (UTF-8)
--2018-07-16 13:41:51--  https://github-production-release-asset-2e65be.s3.amazonaws.com/19708981/0afb9a88-8591-11e6-9802-291a1e7e3b2b?X-Amz-Algorithm=AWS4-HMAC-SHA256&X-Amz-Credential=AKIAIWNJYAX4CSVEH53A/20180716/us-east-1/s3/aws4_request&X-Amz-Date=20180716T134152Z&X-Amz-Expires=300&X-Amz-Signature=46d371f7082e97c0839b3f8ae92bc75d1d04ceceeb7d5c947bc652cf0d1dfc6f&X-Amz-SignedHeaders=host&actor_id=0&response-content-disposition=attachment;%20filename=gosu-amd64&response-content-type=application/octet-stream
Resolving github-production-release-asset-2e65be.s3.amazonaws.com (github-production-release-asset-2e65be.s3.amazonaws.com)... 52.216.99.91
Connecting to github-production-release-asset-2e65be.s3.amazonaws.com (github-production-release-asset-2e65be.s3.amazonaws.com)|52.216.99.91|:443... connected.
HTTP request sent, awaiting response... 200 OK
Length: 1286720 (1.2M) [application/octet-stream]
Saving to: '/usr/local/bin/gosu'

     0K .......... .......... .......... .......... ..........  3%  142K 8s
    50K .......... .......... .......... .......... ..........  7%  234K 7s
   100K .......... .......... .......... .......... .......... 11%  366K 5s
   150K .......... .......... .......... .......... .......... 15%  288K 5s
   200K .......... .......... .......... .......... .......... 19% 15.5M 4s
   250K .......... .......... .......... .......... .......... 23%  295K 3s
   300K .......... .......... .......... .......... .......... 27% 9.14M 3s
   350K .......... .......... .......... .......... .......... 31% 11.3M 2s
   400K .......... .......... .......... .......... .......... 35% 1.46M 2s
   450K .......... .......... .......... .......... .......... 39%  370K 2s
   500K .......... .......... .......... .......... .......... 43% 10.5M 2s
   550K .......... .......... .......... .......... .......... 47% 11.9M 1s
   600K .......... .......... .......... .......... .......... 51% 1.72M 1s
   650K .......... .......... .......... .......... .......... 55% 10.7M 1s
   700K .......... .......... .......... .......... .......... 59%  376K 1s
   750K .......... .......... .......... .......... .......... 63% 11.2M 1s
   800K .......... .......... .......... .......... .......... 67% 11.0M 1s
   850K .......... .......... .......... .......... .......... 71% 14.4M 1s
   900K .......... .......... .......... .......... .......... 75% 10.8M 0s
   950K .......... .......... .......... .......... .......... 79% 2.28M 0s
  1000K .......... .......... .......... .......... .......... 83% 12.1M 0s
  1050K .......... .......... .......... .......... .......... 87%  380K 0s
  1100K .......... .......... .......... .......... .......... 91% 10.5M 0s
  1150K .......... .......... .......... .......... .......... 95% 12.1M 0s
  1200K .......... .......... .......... .......... .......... 99% 10.6M 0s
  1250K ......                                                100% 67.0M=1.6s

2018-07-16 13:41:54 (791 KB/s) - '/usr/local/bin/gosu' saved [1286720/1286720]

+ wget -O /usr/local/bin/gosu.asc https://github.com/tianon/gosu/releases/download/1.10/gosu-amd64.asc
converted 'https://github.com/tianon/gosu/releases/download/1.10/gosu-amd64.asc' (ANSI_X3.4-1968) -> 'https://github.com/tianon/gosu/releases/download/1.10/gosu-amd64.asc' (UTF-8)
--2018-07-16 13:41:54--  https://github.com/tianon/gosu/releases/download/1.10/gosu-amd64.asc
Resolving github.com (github.com)... 192.30.253.113, 192.30.253.112
Connecting to github.com (github.com)|192.30.253.113|:443... connected.
HTTP request sent, awaiting response... 302 Found
Location: https://github-production-release-asset-2e65be.s3.amazonaws.com/19708981/0afb862e-8591-11e6-8c1a-503ca4b54c7c?X-Amz-Algorithm=AWS4-HMAC-SHA256&X-Amz-Credential=AKIAIWNJYAX4CSVEH53A%2F20180716%2Fus-east-1%2Fs3%2Faws4_request&X-Amz-Date=20180716T134200Z&X-Amz-Expires=300&X-Amz-Signature=efb0254cf5e077420128de2467e5a2d9e1d12e26862f1abe2cd24e37e58407c2&X-Amz-SignedHeaders=host&actor_id=0&response-content-disposition=attachment%3B%20filename%3Dgosu-amd64.asc&response-content-type=application%2Foctet-stream [following]
converted 'https://github-production-release-asset-2e65be.s3.amazonaws.com/19708981/0afb862e-8591-11e6-8c1a-503ca4b54c7c?X-Amz-Algorithm=AWS4-HMAC-SHA256&X-Amz-Credential=AKIAIWNJYAX4CSVEH53A%2F20180716%2Fus-east-1%2Fs3%2Faws4_request&X-Amz-Date=20180716T134200Z&X-Amz-Expires=300&X-Amz-Signature=efb0254cf5e077420128de2467e5a2d9e1d12e26862f1abe2cd24e37e58407c2&X-Amz-SignedHeaders=host&actor_id=0&response-content-disposition=attachment%3B%20filename%3Dgosu-amd64.asc&response-content-type=application%2Foctet-stream' (ANSI_X3.4-1968) -> 'https://github-production-release-asset-2e65be.s3.amazonaws.com/19708981/0afb862e-8591-11e6-8c1a-503ca4b54c7c?X-Amz-Algorithm=AWS4-HMAC-SHA256&X-Amz-Credential=AKIAIWNJYAX4CSVEH53A/20180716/us-east-1/s3/aws4_request&X-Amz-Date=20180716T134200Z&X-Amz-Expires=300&X-Amz-Signature=efb0254cf5e077420128de2467e5a2d9e1d12e26862f1abe2cd24e37e58407c2&X-Amz-SignedHeaders=host&actor_id=0&response-content-disposition=attachment; filename=gosu-amd64.asc&response-content-type=application/octet-stream' (UTF-8)
--2018-07-16 13:41:59--  https://github-production-release-asset-2e65be.s3.amazonaws.com/19708981/0afb862e-8591-11e6-8c1a-503ca4b54c7c?X-Amz-Algorithm=AWS4-HMAC-SHA256&X-Amz-Credential=AKIAIWNJYAX4CSVEH53A/20180716/us-east-1/s3/aws4_request&X-Amz-Date=20180716T134200Z&X-Amz-Expires=300&X-Amz-Signature=efb0254cf5e077420128de2467e5a2d9e1d12e26862f1abe2cd24e37e58407c2&X-Amz-SignedHeaders=host&actor_id=0&response-content-disposition=attachment;%20filename=gosu-amd64.asc&response-content-type=application/octet-stream
Resolving github-production-release-asset-2e65be.s3.amazonaws.com (github-production-release-asset-2e65be.s3.amazonaws.com)... 52.216.64.112
Connecting to github-production-release-asset-2e65be.s3.amazonaws.com (github-production-release-asset-2e65be.s3.amazonaws.com)|52.216.64.112|:443... connected.
HTTP request sent, awaiting response... 200 OK
Length: 543 [application/octet-stream]
Saving to: '/usr/local/bin/gosu.asc'

     0K                                                       100% 1.52M=0s

2018-07-16 13:42:00 (1.52 MB/s) - '/usr/local/bin/gosu.asc' saved [543/543]

+ mktemp -d
+ export GNUPGHOME=/tmp/tmp.lJJzsob13b
+ gpg --keyserver ha.pool.sks-keyservers.net --recv-keys B42F6819007F00F88E364FD4036A9C25BF357DD4
gpg: keyring `/tmp/tmp.lJJzsob13b/secring.gpg' created
gpg: keyring `/tmp/tmp.lJJzsob13b/pubring.gpg' created
gpg: requesting key BF357DD4 from hkp server ha.pool.sks-keyservers.net
gpg: keyserver timed out
gpg: keyserver receive failed: keyserver error
The command '/bin/sh -c set -ex;         apt-get update;     apt-get install -y --no-install-recommends wget;     rm -rf /var/lib/apt/lists/*;         dpkgArch="$(dpkg --print-architecture | awk -F- '{ print $NF }')";         wget -O /usr/local/bin/gosu "https://github.com/tianon/gosu/releases/download/${GOSU_VERSION}/gosu-$dpkgArch";     wget -O /usr/local/bin/gosu.asc "https://github.com/tianon/gosu/releases/download/$GOSU_VERSION/gosu-$dpkgArch.asc";     export GNUPGHOME="$(mktemp -d)";     gpg --keyserver ha.pool.sks-keyservers.net --recv-keys B42F6819007F00F88E364FD4036A9C25BF357DD4;     gpg --batch --verify /usr/local/bin/gosu.asc /usr/local/bin/gosu;     rm -r "$GNUPGHOME" /usr/local/bin/gosu.asc;     chmod +x /usr/local/bin/gosu;     gosu nobody true;         wget -O /usr/local/bin/tini "https://github.com/krallin/tini/releases/download/v${TINI_VERSION}/tini-$dpkgArch";     wget -O /usr/local/bin/tini.asc "https://github.com/krallin/tini/releases/download/v${TINI_VERSION}/tini-$dpkgArch.asc";     export GNUPGHOME="$(mktemp -d)";     gpg --keyserver ha.pool.sks-keyservers.net --recv-keys 595E85A6B1B4779EA4DAAEC70B588DFF0527A9B7;     gpg --batch --verify /usr/local/bin/tini.asc /usr/local/bin/tini;     rm -r "$GNUPGHOME" /usr/local/bin/tini.asc;     chmod +x /usr/local/bin/tini;     tini --version;         apt-get purge -y --auto-remove wget' returned a non-zero code: 2
deployment "couchdb" created
service "couchdb" created
route "couchdb" exposed


# POD log
touch: cannot touch '/opt/couchdb/etc/local.d/docker.ini': Permission denied
